<?xml version="1.0" encoding="UTF-8"?>
<!-- Generated by org.testng.reporters.JUnitXMLReporter -->
<testsuite hostname="DESKTOP-03DBQVL" name="Cruise" tests="2" failures="1" timestamp="15 Sep 2019 16:14:52 GMT" time="68.049" errors="0">
  <testcase name="Cruise_Travel" time="6.527" classname="com.OnlineTravel.Cruise_Travel"/>
  <testcase name="Singapore_malaysia" time="28.488" classname="com.OnlineTravel.Cruise_Travel">
    <failure type="java.lang.AssertionError" message="expected [21000] but found [20000]">
      <![CDATA[java.lang.AssertionError: expected [21000] but found [20000]
	at com.OnlineTravel.Cruise_Travel.Singapore_malaysia(Cruise_Travel.java:67)
	at org.apache.maven.surefire.testng.TestNGExecutor.run(TestNGExecutor.java:283)
	at org.apache.maven.surefire.testng.TestNGXmlTestSuite.execute(TestNGXmlTestSuite.java:75)
	at org.apache.maven.surefire.testng.TestNGProvider.invoke(TestNGProvider.java:120)
	at org.apache.maven.surefire.booter.ForkedBooter.invokeProviderInSameClassLoader(ForkedBooter.java:384)
	at org.apache.maven.surefire.booter.ForkedBooter.runSuitesInProcess(ForkedBooter.java:345)
	at org.apache.maven.surefire.booter.ForkedBooter.execute(ForkedBooter.java:126)
	at org.apache.maven.surefire.booter.ForkedBooter.main(ForkedBooter.java:418)
... Removed 26 stack frames]]>
    </failure>
  </testcase> <!-- Singapore_malaysia -->
</testsuite> <!-- Cruise -->
