<?xml version="1.0" encoding="UTF-8"?>
<testng-results skipped="0" failed="1" total="3" passed="2">
  <reporter-output>
  </reporter-output>
  <suite name="Suite" duration-ms="152590" started-at="2019-09-15T16:13:44Z" finished-at="2019-09-15T16:16:16Z">
    <groups>
    </groups>
    <test name="Cruise" duration-ms="68049" started-at="2019-09-15T16:13:44Z" finished-at="2019-09-15T16:14:52Z">
      <class name="com.OnlineTravel.Cruise_Travel">
        <test-method status="PASS" signature="Opening_Page()[pri:0, instance:com.OnlineTravel.Cruise_Travel@2c6a3f77]" name="Opening_Page" is-config="true" duration-ms="28700" started-at="2019-09-15T21:43:44Z" finished-at="2019-09-15T21:44:12Z">
          <reporter-output>
          </reporter-output>
        </test-method> <!-- Opening_Page -->
        <test-method status="PASS" signature="Cruise_Travel()[pri:0, instance:com.OnlineTravel.Cruise_Travel@2c6a3f77]" name="Cruise_Travel" duration-ms="6527" started-at="2019-09-15T21:44:12Z" finished-at="2019-09-15T21:44:19Z">
          <reporter-output>
          </reporter-output>
        </test-method> <!-- Cruise_Travel -->
        <test-method status="FAIL" signature="Singapore_malaysia()[pri:0, instance:com.OnlineTravel.Cruise_Travel@2c6a3f77]" name="Singapore_malaysia" duration-ms="28488" started-at="2019-09-15T21:44:19Z" depends-on-methods="com.OnlineTravel.Cruise_Travel.Cruise_Travel" finished-at="2019-09-15T21:44:47Z">
          <exception class="java.lang.AssertionError">
            <message>
              <![CDATA[expected [21000] but found [20000]]]>
            </message>
            <full-stacktrace>
              <![CDATA[java.lang.AssertionError: expected [21000] but found [20000]
	at org.testng.Assert.fail(Assert.java:94)
	at org.testng.Assert.failNotEquals(Assert.java:494)
	at org.testng.Assert.assertEquals(Assert.java:123)
	at org.testng.Assert.assertEquals(Assert.java:370)
	at org.testng.Assert.assertEquals(Assert.java:380)
	at com.OnlineTravel.Cruise_Travel.Singapore_malaysia(Cruise_Travel.java:67)
	at sun.reflect.NativeMethodAccessorImpl.invoke0(Native Method)
	at sun.reflect.NativeMethodAccessorImpl.invoke(NativeMethodAccessorImpl.java:62)
	at sun.reflect.DelegatingMethodAccessorImpl.invoke(DelegatingMethodAccessorImpl.java:43)
	at java.lang.reflect.Method.invoke(Method.java:498)
	at org.testng.internal.MethodInvocationHelper.invokeMethod(MethodInvocationHelper.java:80)
	at org.testng.internal.Invoker.invokeMethod(Invoker.java:714)
	at org.testng.internal.Invoker.invokeTestMethod(Invoker.java:901)
	at org.testng.internal.Invoker.invokeTestMethods(Invoker.java:1231)
	at org.testng.internal.TestMethodWorker.invokeTestMethods(TestMethodWorker.java:127)
	at org.testng.internal.TestMethodWorker.run(TestMethodWorker.java:111)
	at org.testng.TestRunner.privateRun(TestRunner.java:767)
	at org.testng.TestRunner.run(TestRunner.java:617)
	at org.testng.SuiteRunner.runTest(SuiteRunner.java:334)
	at org.testng.SuiteRunner.runSequentially(SuiteRunner.java:329)
	at org.testng.SuiteRunner.privateRun(SuiteRunner.java:291)
	at org.testng.SuiteRunner.run(SuiteRunner.java:240)
	at org.testng.SuiteRunnerWorker.runSuite(SuiteRunnerWorker.java:52)
	at org.testng.SuiteRunnerWorker.run(SuiteRunnerWorker.java:86)
	at org.testng.TestNG.runSuitesSequentially(TestNG.java:1198)
	at org.testng.TestNG.runSuitesLocally(TestNG.java:1123)
	at org.testng.TestNG.run(TestNG.java:1031)
	at org.apache.maven.surefire.testng.TestNGExecutor.run(TestNGExecutor.java:283)
	at org.apache.maven.surefire.testng.TestNGXmlTestSuite.execute(TestNGXmlTestSuite.java:75)
	at org.apache.maven.surefire.testng.TestNGProvider.invoke(TestNGProvider.java:120)
	at org.apache.maven.surefire.booter.ForkedBooter.invokeProviderInSameClassLoader(ForkedBooter.java:384)
	at org.apache.maven.surefire.booter.ForkedBooter.runSuitesInProcess(ForkedBooter.java:345)
	at org.apache.maven.surefire.booter.ForkedBooter.execute(ForkedBooter.java:126)
	at org.apache.maven.surefire.booter.ForkedBooter.main(ForkedBooter.java:418)
]]>
            </full-stacktrace>
          </exception> <!-- java.lang.AssertionError -->
          <reporter-output>
          </reporter-output>
        </test-method> <!-- Singapore_malaysia -->
        <test-method status="PASS" signature="Closing_Browser()[pri:0, instance:com.OnlineTravel.Cruise_Travel@2c6a3f77]" name="Closing_Browser" is-config="true" duration-ms="4316" started-at="2019-09-15T21:44:47Z" finished-at="2019-09-15T21:44:52Z">
          <reporter-output>
          </reporter-output>
        </test-method> <!-- Closing_Browser -->
      </class> <!-- com.OnlineTravel.Cruise_Travel -->
    </test> <!-- Cruise -->
    <test name="Flight" duration-ms="49475" started-at="2019-09-15T16:14:52Z" finished-at="2019-09-15T16:15:41Z">
      <class name="com.OnlineTravel.Yatra_Auomation_01">
        <test-method status="PASS" signature="Opening_Page()[pri:0, instance:com.OnlineTravel.Yatra_Auomation_01@2c9f9fb0]" name="Opening_Page" is-config="true" duration-ms="24207" started-at="2019-09-15T21:44:52Z" finished-at="2019-09-15T21:45:16Z">
          <reporter-output>
          </reporter-output>
        </test-method> <!-- Opening_Page -->
        <test-method status="PASS" signature="Flight_Count()[pri:0, instance:com.OnlineTravel.Yatra_Auomation_01@2c9f9fb0]" name="Flight_Count" duration-ms="21145" started-at="2019-09-15T21:45:16Z" finished-at="2019-09-15T21:45:37Z">
          <reporter-output>
          </reporter-output>
        </test-method> <!-- Flight_Count -->
        <test-method status="PASS" signature="Browser_Close()[pri:0, instance:com.OnlineTravel.Yatra_Auomation_01@2c9f9fb0]" name="Browser_Close" is-config="true" duration-ms="4123" started-at="2019-09-15T21:45:37Z" finished-at="2019-09-15T21:45:41Z">
          <reporter-output>
          </reporter-output>
        </test-method> <!-- Browser_Close -->
      </class> <!-- com.OnlineTravel.Yatra_Auomation_01 -->
    </test> <!-- Flight -->
    <test name="Train" duration-ms="34958" started-at="2019-09-15T16:15:41Z" finished-at="2019-09-15T16:16:16Z">
      <class name="com.OnlineTravel.Train">
        <test-method status="PASS" signature="Opening_Page()[pri:0, instance:com.OnlineTravel.Train@2cb4c3ab]" name="Opening_Page" is-config="true" duration-ms="34958" started-at="2019-09-15T21:45:41Z" finished-at="2019-09-15T21:46:16Z">
          <reporter-output>
          </reporter-output>
        </test-method> <!-- Opening_Page -->
      </class> <!-- com.OnlineTravel.Train -->
    </test> <!-- Train -->
  </suite> <!-- Suite -->
</testng-results>
